The system is: Darwin - 18.5.0 - x86_64
Compiling the C compiler identification source file "CMakeCCompilerId.c" succeeded.
Compiler: /Library/Developer/CommandLineTools/usr/bin/cc 
Build flags: 
Id flags:  

The output was:
0


Compilation of the C compiler identification source "CMakeCCompilerId.c" produced "a.out"

The C compiler identification is AppleClang, found in "/Users/shihchungyu/NCKU/Programming_Language/homework/NCKU_PROGRAMMING_LANGUAGE/bonus/build/CMakeFiles/3.13.4/CompilerIdC/a.out"

Compiling the CXX compiler identification source file "CMakeCXXCompilerId.cpp" succeeded.
Compiler: /Library/Developer/CommandLineTools/usr/bin/c++ 
Build flags: 
Id flags:  

The output was:
0


Compilation of the CXX compiler identification source "CMakeCXXCompilerId.cpp" produced "a.out"

The CXX compiler identification is AppleClang, found in "/Users/shihchungyu/NCKU/Programming_Language/homework/NCKU_PROGRAMMING_LANGUAGE/bonus/build/CMakeFiles/3.13.4/CompilerIdCXX/a.out"

Determining if the C compiler works passed with the following output:
Change Dir: /Users/shihchungyu/NCKU/Programming_Language/homework/NCKU_PROGRAMMING_LANGUAGE/bonus/build/CMakeFiles/CMakeTmp

Run Build Command:"/usr/bin/make" "cmTC_fd6aa/fast"
/Library/Developer/CommandLineTools/usr/bin/make -f CMakeFiles/cmTC_fd6aa.dir/build.make CMakeFiles/cmTC_fd6aa.dir/build
Building C object CMakeFiles/cmTC_fd6aa.dir/testCCompiler.c.o
/Library/Developer/CommandLineTools/usr/bin/cc   -isysroot /Library/Developer/CommandLineTools/SDKs/MacOSX10.14.sdk   -o CMakeFiles/cmTC_fd6aa.dir/testCCompiler.c.o   -c /Users/shihchungyu/NCKU/Programming_Language/homework/NCKU_PROGRAMMING_LANGUAGE/bonus/build/CMakeFiles/CMakeTmp/testCCompiler.c
Linking C executable cmTC_fd6aa
/usr/local/Cellar/cmake/3.13.4/bin/cmake -E cmake_link_script CMakeFiles/cmTC_fd6aa.dir/link.txt --verbose=1
/Library/Developer/CommandLineTools/usr/bin/cc   -isysroot /Library/Developer/CommandLineTools/SDKs/MacOSX10.14.sdk -Wl,-search_paths_first -Wl,-headerpad_max_install_names   CMakeFiles/cmTC_fd6aa.dir/testCCompiler.c.o  -o cmTC_fd6aa 


Detecting C compiler ABI info compiled with the following output:
Change Dir: /Users/shihchungyu/NCKU/Programming_Language/homework/NCKU_PROGRAMMING_LANGUAGE/bonus/build/CMakeFiles/CMakeTmp

Run Build Command:"/usr/bin/make" "cmTC_538e9/fast"
/Library/Developer/CommandLineTools/usr/bin/make -f CMakeFiles/cmTC_538e9.dir/build.make CMakeFiles/cmTC_538e9.dir/build
Building C object CMakeFiles/cmTC_538e9.dir/CMakeCCompilerABI.c.o
/Library/Developer/CommandLineTools/usr/bin/cc   -isysroot /Library/Developer/CommandLineTools/SDKs/MacOSX10.14.sdk   -o CMakeFiles/cmTC_538e9.dir/CMakeCCompilerABI.c.o   -c /usr/local/Cellar/cmake/3.13.4/share/cmake/Modules/CMakeCCompilerABI.c
Linking C executable cmTC_538e9
/usr/local/Cellar/cmake/3.13.4/bin/cmake -E cmake_link_script CMakeFiles/cmTC_538e9.dir/link.txt --verbose=1
/Library/Developer/CommandLineTools/usr/bin/cc   -isysroot /Library/Developer/CommandLineTools/SDKs/MacOSX10.14.sdk -Wl,-search_paths_first -Wl,-headerpad_max_install_names  -v -Wl,-v CMakeFiles/cmTC_538e9.dir/CMakeCCompilerABI.c.o  -o cmTC_538e9 
Apple LLVM version 10.0.1 (clang-1001.0.46.3)
Target: x86_64-apple-darwin18.5.0
Thread model: posix
InstalledDir: /Library/Developer/CommandLineTools/usr/bin
 "/Library/Developer/CommandLineTools/usr/bin/ld" -demangle -lto_library /Library/Developer/CommandLineTools/usr/lib/libLTO.dylib -dynamic -arch x86_64 -macosx_version_min 10.14.0 -syslibroot /Library/Developer/CommandLineTools/SDKs/MacOSX10.14.sdk -o cmTC_538e9 -search_paths_first -headerpad_max_install_names -v CMakeFiles/cmTC_538e9.dir/CMakeCCompilerABI.c.o -lSystem /Library/Developer/CommandLineTools/usr/lib/clang/10.0.1/lib/darwin/libclang_rt.osx.a
@(#)PROGRAM:ld  PROJECT:ld64-450.3
BUILD 18:01:43 Mar 13 2019
configured to support archs: armv6 armv7 armv7s arm64 arm64e arm64_32 i386 x86_64 x86_64h armv6m armv7k armv7m armv7em
Library search paths:
	/Library/Developer/CommandLineTools/SDKs/MacOSX10.14.sdk/usr/lib
Framework search paths:
	/Library/Developer/CommandLineTools/SDKs/MacOSX10.14.sdk/System/Library/Frameworks/


Parsed C implicit link information from above output:
  link line regex: [^( *|.*[/\])(ld|CMAKE_LINK_STARTFILE-NOTFOUND|([^/\]+-)?ld|collect2)[^/\]*( |$)]
  ignore line: [Change Dir: /Users/shihchungyu/NCKU/Programming_Language/homework/NCKU_PROGRAMMING_LANGUAGE/bonus/build/CMakeFiles/CMakeTmp]
  ignore line: []
  ignore line: [Run Build Command:"/usr/bin/make" "cmTC_538e9/fast"]
  ignore line: [/Library/Developer/CommandLineTools/usr/bin/make -f CMakeFiles/cmTC_538e9.dir/build.make CMakeFiles/cmTC_538e9.dir/build]
  ignore line: [Building C object CMakeFiles/cmTC_538e9.dir/CMakeCCompilerABI.c.o]
  ignore line: [/Library/Developer/CommandLineTools/usr/bin/cc   -isysroot /Library/Developer/CommandLineTools/SDKs/MacOSX10.14.sdk   -o CMakeFiles/cmTC_538e9.dir/CMakeCCompilerABI.c.o   -c /usr/local/Cellar/cmake/3.13.4/share/cmake/Modules/CMakeCCompilerABI.c]
  ignore line: [Linking C executable cmTC_538e9]
  ignore line: [/usr/local/Cellar/cmake/3.13.4/bin/cmake -E cmake_link_script CMakeFiles/cmTC_538e9.dir/link.txt --verbose=1]
  ignore line: [/Library/Developer/CommandLineTools/usr/bin/cc   -isysroot /Library/Developer/CommandLineTools/SDKs/MacOSX10.14.sdk -Wl,-search_paths_first -Wl,-headerpad_max_install_names  -v -Wl,-v CMakeFiles/cmTC_538e9.dir/CMakeCCompilerABI.c.o  -o cmTC_538e9 ]
  ignore line: [Apple LLVM version 10.0.1 (clang-1001.0.46.3)]
  ignore line: [Target: x86_64-apple-darwin18.5.0]
  ignore line: [Thread model: posix]
  ignore line: [InstalledDir: /Library/Developer/CommandLineTools/usr/bin]
  link line: [ "/Library/Developer/CommandLineTools/usr/bin/ld" -demangle -lto_library /Library/Developer/CommandLineTools/usr/lib/libLTO.dylib -dynamic -arch x86_64 -macosx_version_min 10.14.0 -syslibroot /Library/Developer/CommandLineTools/SDKs/MacOSX10.14.sdk -o cmTC_538e9 -search_paths_first -headerpad_max_install_names -v CMakeFiles/cmTC_538e9.dir/CMakeCCompilerABI.c.o -lSystem /Library/Developer/CommandLineTools/usr/lib/clang/10.0.1/lib/darwin/libclang_rt.osx.a]
    arg [/Library/Developer/CommandLineTools/usr/bin/ld] ==> ignore
    arg [-demangle] ==> ignore
    arg [-lto_library] ==> ignore, skip following value
    arg [/Library/Developer/CommandLineTools/usr/lib/libLTO.dylib] ==> skip value of -lto_library
    arg [-dynamic] ==> ignore
    arg [-arch] ==> ignore
    arg [x86_64] ==> ignore
    arg [-macosx_version_min] ==> ignore
    arg [10.14.0] ==> ignore
    arg [-syslibroot] ==> ignore
    arg [/Library/Developer/CommandLineTools/SDKs/MacOSX10.14.sdk] ==> ignore
    arg [-o] ==> ignore
    arg [cmTC_538e9] ==> ignore
    arg [-search_paths_first] ==> ignore
    arg [-headerpad_max_install_names] ==> ignore
    arg [-v] ==> ignore
    arg [CMakeFiles/cmTC_538e9.dir/CMakeCCompilerABI.c.o] ==> ignore
    arg [-lSystem] ==> lib [System]
    arg [/Library/Developer/CommandLineTools/usr/lib/clang/10.0.1/lib/darwin/libclang_rt.osx.a] ==> lib [/Library/Developer/CommandLineTools/usr/lib/clang/10.0.1/lib/darwin/libclang_rt.osx.a]
  Library search paths: [;/Library/Developer/CommandLineTools/SDKs/MacOSX10.14.sdk/usr/lib]
  Framework search paths: [;/Library/Developer/CommandLineTools/SDKs/MacOSX10.14.sdk/System/Library/Frameworks/]
  remove lib [System]
  remove lib [/Library/Developer/CommandLineTools/usr/lib/clang/10.0.1/lib/darwin/libclang_rt.osx.a]
  collapse library dir [/Library/Developer/CommandLineTools/SDKs/MacOSX10.14.sdk/usr/lib] ==> [/Library/Developer/CommandLineTools/SDKs/MacOSX10.14.sdk/usr/lib]
  collapse framework dir [/Library/Developer/CommandLineTools/SDKs/MacOSX10.14.sdk/System/Library/Frameworks/] ==> [/Library/Developer/CommandLineTools/SDKs/MacOSX10.14.sdk/System/Library/Frameworks]
  implicit libs: []
  implicit dirs: [/Library/Developer/CommandLineTools/SDKs/MacOSX10.14.sdk/usr/lib]
  implicit fwks: [/Library/Developer/CommandLineTools/SDKs/MacOSX10.14.sdk/System/Library/Frameworks]




Detecting C [-std=c11] compiler features compiled with the following output:
Change Dir: /Users/shihchungyu/NCKU/Programming_Language/homework/NCKU_PROGRAMMING_LANGUAGE/bonus/build/CMakeFiles/CMakeTmp

Run Build Command:"/usr/bin/make" "cmTC_4e308/fast"
/Library/Developer/CommandLineTools/usr/bin/make -f CMakeFiles/cmTC_4e308.dir/build.make CMakeFiles/cmTC_4e308.dir/build
Building C object CMakeFiles/cmTC_4e308.dir/feature_tests.c.o
/Library/Developer/CommandLineTools/usr/bin/cc   -isysroot /Library/Developer/CommandLineTools/SDKs/MacOSX10.14.sdk   -std=c11 -o CMakeFiles/cmTC_4e308.dir/feature_tests.c.o   -c /Users/shihchungyu/NCKU/Programming_Language/homework/NCKU_PROGRAMMING_LANGUAGE/bonus/build/CMakeFiles/feature_tests.c
Linking C executable cmTC_4e308
/usr/local/Cellar/cmake/3.13.4/bin/cmake -E cmake_link_script CMakeFiles/cmTC_4e308.dir/link.txt --verbose=1
/Library/Developer/CommandLineTools/usr/bin/cc   -isysroot /Library/Developer/CommandLineTools/SDKs/MacOSX10.14.sdk -Wl,-search_paths_first -Wl,-headerpad_max_install_names   CMakeFiles/cmTC_4e308.dir/feature_tests.c.o  -o cmTC_4e308 


    Feature record: C_FEATURE:1c_function_prototypes
    Feature record: C_FEATURE:1c_restrict
    Feature record: C_FEATURE:1c_static_assert
    Feature record: C_FEATURE:1c_variadic_macros


Detecting C [-std=c99] compiler features compiled with the following output:
Change Dir: /Users/shihchungyu/NCKU/Programming_Language/homework/NCKU_PROGRAMMING_LANGUAGE/bonus/build/CMakeFiles/CMakeTmp

Run Build Command:"/usr/bin/make" "cmTC_76754/fast"
/Library/Developer/CommandLineTools/usr/bin/make -f CMakeFiles/cmTC_76754.dir/build.make CMakeFiles/cmTC_76754.dir/build
Building C object CMakeFiles/cmTC_76754.dir/feature_tests.c.o
/Library/Developer/CommandLineTools/usr/bin/cc   -isysroot /Library/Developer/CommandLineTools/SDKs/MacOSX10.14.sdk   -std=c99 -o CMakeFiles/cmTC_76754.dir/feature_tests.c.o   -c /Users/shihchungyu/NCKU/Programming_Language/homework/NCKU_PROGRAMMING_LANGUAGE/bonus/build/CMakeFiles/feature_tests.c
Linking C executable cmTC_76754
/usr/local/Cellar/cmake/3.13.4/bin/cmake -E cmake_link_script CMakeFiles/cmTC_76754.dir/link.txt --verbose=1
/Library/Developer/CommandLineTools/usr/bin/cc   -isysroot /Library/Developer/CommandLineTools/SDKs/MacOSX10.14.sdk -Wl,-search_paths_first -Wl,-headerpad_max_install_names   CMakeFiles/cmTC_76754.dir/feature_tests.c.o  -o cmTC_76754 


    Feature record: C_FEATURE:1c_function_prototypes
    Feature record: C_FEATURE:1c_restrict
    Feature record: C_FEATURE:0c_static_assert
    Feature record: C_FEATURE:1c_variadic_macros


Detecting C [-std=c90] compiler features compiled with the following output:
Change Dir: /Users/shihchungyu/NCKU/Programming_Language/homework/NCKU_PROGRAMMING_LANGUAGE/bonus/build/CMakeFiles/CMakeTmp

Run Build Command:"/usr/bin/make" "cmTC_191f8/fast"
/Library/Developer/CommandLineTools/usr/bin/make -f CMakeFiles/cmTC_191f8.dir/build.make CMakeFiles/cmTC_191f8.dir/build
Building C object CMakeFiles/cmTC_191f8.dir/feature_tests.c.o
/Library/Developer/CommandLineTools/usr/bin/cc   -isysroot /Library/Developer/CommandLineTools/SDKs/MacOSX10.14.sdk   -std=c90 -o CMakeFiles/cmTC_191f8.dir/feature_tests.c.o   -c /Users/shihchungyu/NCKU/Programming_Language/homework/NCKU_PROGRAMMING_LANGUAGE/bonus/build/CMakeFiles/feature_tests.c
Linking C executable cmTC_191f8
/usr/local/Cellar/cmake/3.13.4/bin/cmake -E cmake_link_script CMakeFiles/cmTC_191f8.dir/link.txt --verbose=1
/Library/Developer/CommandLineTools/usr/bin/cc   -isysroot /Library/Developer/CommandLineTools/SDKs/MacOSX10.14.sdk -Wl,-search_paths_first -Wl,-headerpad_max_install_names   CMakeFiles/cmTC_191f8.dir/feature_tests.c.o  -o cmTC_191f8 


    Feature record: C_FEATURE:1c_function_prototypes
    Feature record: C_FEATURE:0c_restrict
    Feature record: C_FEATURE:0c_static_assert
    Feature record: C_FEATURE:0c_variadic_macros
Determining if the CXX compiler works passed with the following output:
Change Dir: /Users/shihchungyu/NCKU/Programming_Language/homework/NCKU_PROGRAMMING_LANGUAGE/bonus/build/CMakeFiles/CMakeTmp

Run Build Command:"/usr/bin/make" "cmTC_50064/fast"
/Library/Developer/CommandLineTools/usr/bin/make -f CMakeFiles/cmTC_50064.dir/build.make CMakeFiles/cmTC_50064.dir/build
Building CXX object CMakeFiles/cmTC_50064.dir/testCXXCompiler.cxx.o
/Library/Developer/CommandLineTools/usr/bin/c++    -isysroot /Library/Developer/CommandLineTools/SDKs/MacOSX10.14.sdk   -o CMakeFiles/cmTC_50064.dir/testCXXCompiler.cxx.o -c /Users/shihchungyu/NCKU/Programming_Language/homework/NCKU_PROGRAMMING_LANGUAGE/bonus/build/CMakeFiles/CMakeTmp/testCXXCompiler.cxx
Linking CXX executable cmTC_50064
/usr/local/Cellar/cmake/3.13.4/bin/cmake -E cmake_link_script CMakeFiles/cmTC_50064.dir/link.txt --verbose=1
/Library/Developer/CommandLineTools/usr/bin/c++    -isysroot /Library/Developer/CommandLineTools/SDKs/MacOSX10.14.sdk -Wl,-search_paths_first -Wl,-headerpad_max_install_names   CMakeFiles/cmTC_50064.dir/testCXXCompiler.cxx.o  -o cmTC_50064 


Detecting CXX compiler ABI info compiled with the following output:
Change Dir: /Users/shihchungyu/NCKU/Programming_Language/homework/NCKU_PROGRAMMING_LANGUAGE/bonus/build/CMakeFiles/CMakeTmp

Run Build Command:"/usr/bin/make" "cmTC_a0976/fast"
/Library/Developer/CommandLineTools/usr/bin/make -f CMakeFiles/cmTC_a0976.dir/build.make CMakeFiles/cmTC_a0976.dir/build
Building CXX object CMakeFiles/cmTC_a0976.dir/CMakeCXXCompilerABI.cpp.o
/Library/Developer/CommandLineTools/usr/bin/c++    -isysroot /Library/Developer/CommandLineTools/SDKs/MacOSX10.14.sdk   -o CMakeFiles/cmTC_a0976.dir/CMakeCXXCompilerABI.cpp.o -c /usr/local/Cellar/cmake/3.13.4/share/cmake/Modules/CMakeCXXCompilerABI.cpp
Linking CXX executable cmTC_a0976
/usr/local/Cellar/cmake/3.13.4/bin/cmake -E cmake_link_script CMakeFiles/cmTC_a0976.dir/link.txt --verbose=1
/Library/Developer/CommandLineTools/usr/bin/c++    -isysroot /Library/Developer/CommandLineTools/SDKs/MacOSX10.14.sdk -Wl,-search_paths_first -Wl,-headerpad_max_install_names  -v -Wl,-v CMakeFiles/cmTC_a0976.dir/CMakeCXXCompilerABI.cpp.o  -o cmTC_a0976 
Apple LLVM version 10.0.1 (clang-1001.0.46.3)
Target: x86_64-apple-darwin18.5.0
Thread model: posix
InstalledDir: /Library/Developer/CommandLineTools/usr/bin
 "/Library/Developer/CommandLineTools/usr/bin/ld" -demangle -lto_library /Library/Developer/CommandLineTools/usr/lib/libLTO.dylib -dynamic -arch x86_64 -macosx_version_min 10.14.0 -syslibroot /Library/Developer/CommandLineTools/SDKs/MacOSX10.14.sdk -o cmTC_a0976 -search_paths_first -headerpad_max_install_names -v CMakeFiles/cmTC_a0976.dir/CMakeCXXCompilerABI.cpp.o -lc++ -lSystem /Library/Developer/CommandLineTools/usr/lib/clang/10.0.1/lib/darwin/libclang_rt.osx.a
@(#)PROGRAM:ld  PROJECT:ld64-450.3
BUILD 18:01:43 Mar 13 2019
configured to support archs: armv6 armv7 armv7s arm64 arm64e arm64_32 i386 x86_64 x86_64h armv6m armv7k armv7m armv7em
Library search paths:
	/Library/Developer/CommandLineTools/SDKs/MacOSX10.14.sdk/usr/lib
Framework search paths:
	/Library/Developer/CommandLineTools/SDKs/MacOSX10.14.sdk/System/Library/Frameworks/


Parsed CXX implicit link information from above output:
  link line regex: [^( *|.*[/\])(ld|CMAKE_LINK_STARTFILE-NOTFOUND|([^/\]+-)?ld|collect2)[^/\]*( |$)]
  ignore line: [Change Dir: /Users/shihchungyu/NCKU/Programming_Language/homework/NCKU_PROGRAMMING_LANGUAGE/bonus/build/CMakeFiles/CMakeTmp]
  ignore line: []
  ignore line: [Run Build Command:"/usr/bin/make" "cmTC_a0976/fast"]
  ignore line: [/Library/Developer/CommandLineTools/usr/bin/make -f CMakeFiles/cmTC_a0976.dir/build.make CMakeFiles/cmTC_a0976.dir/build]
  ignore line: [Building CXX object CMakeFiles/cmTC_a0976.dir/CMakeCXXCompilerABI.cpp.o]
  ignore line: [/Library/Developer/CommandLineTools/usr/bin/c++    -isysroot /Library/Developer/CommandLineTools/SDKs/MacOSX10.14.sdk   -o CMakeFiles/cmTC_a0976.dir/CMakeCXXCompilerABI.cpp.o -c /usr/local/Cellar/cmake/3.13.4/share/cmake/Modules/CMakeCXXCompilerABI.cpp]
  ignore line: [Linking CXX executable cmTC_a0976]
  ignore line: [/usr/local/Cellar/cmake/3.13.4/bin/cmake -E cmake_link_script CMakeFiles/cmTC_a0976.dir/link.txt --verbose=1]
  ignore line: [/Library/Developer/CommandLineTools/usr/bin/c++    -isysroot /Library/Developer/CommandLineTools/SDKs/MacOSX10.14.sdk -Wl,-search_paths_first -Wl,-headerpad_max_install_names  -v -Wl,-v CMakeFiles/cmTC_a0976.dir/CMakeCXXCompilerABI.cpp.o  -o cmTC_a0976 ]
  ignore line: [Apple LLVM version 10.0.1 (clang-1001.0.46.3)]
  ignore line: [Target: x86_64-apple-darwin18.5.0]
  ignore line: [Thread model: posix]
  ignore line: [InstalledDir: /Library/Developer/CommandLineTools/usr/bin]
  link line: [ "/Library/Developer/CommandLineTools/usr/bin/ld" -demangle -lto_library /Library/Developer/CommandLineTools/usr/lib/libLTO.dylib -dynamic -arch x86_64 -macosx_version_min 10.14.0 -syslibroot /Library/Developer/CommandLineTools/SDKs/MacOSX10.14.sdk -o cmTC_a0976 -search_paths_first -headerpad_max_install_names -v CMakeFiles/cmTC_a0976.dir/CMakeCXXCompilerABI.cpp.o -lc++ -lSystem /Library/Developer/CommandLineTools/usr/lib/clang/10.0.1/lib/darwin/libclang_rt.osx.a]
    arg [/Library/Developer/CommandLineTools/usr/bin/ld] ==> ignore
    arg [-demangle] ==> ignore
    arg [-lto_library] ==> ignore, skip following value
    arg [/Library/Developer/CommandLineTools/usr/lib/libLTO.dylib] ==> skip value of -lto_library
    arg [-dynamic] ==> ignore
    arg [-arch] ==> ignore
    arg [x86_64] ==> ignore
    arg [-macosx_version_min] ==> ignore
    arg [10.14.0] ==> ignore
    arg [-syslibroot] ==> ignore
    arg [/Library/Developer/CommandLineTools/SDKs/MacOSX10.14.sdk] ==> ignore
    arg [-o] ==> ignore
    arg [cmTC_a0976] ==> ignore
    arg [-search_paths_first] ==> ignore
    arg [-headerpad_max_install_names] ==> ignore
    arg [-v] ==> ignore
    arg [CMakeFiles/cmTC_a0976.dir/CMakeCXXCompilerABI.cpp.o] ==> ignore
    arg [-lc++] ==> lib [c++]
    arg [-lSystem] ==> lib [System]
    arg [/Library/Developer/CommandLineTools/usr/lib/clang/10.0.1/lib/darwin/libclang_rt.osx.a] ==> lib [/Library/Developer/CommandLineTools/usr/lib/clang/10.0.1/lib/darwin/libclang_rt.osx.a]
  Library search paths: [;/Library/Developer/CommandLineTools/SDKs/MacOSX10.14.sdk/usr/lib]
  Framework search paths: [;/Library/Developer/CommandLineTools/SDKs/MacOSX10.14.sdk/System/Library/Frameworks/]
  remove lib [System]
  remove lib [/Library/Developer/CommandLineTools/usr/lib/clang/10.0.1/lib/darwin/libclang_rt.osx.a]
  collapse library dir [/Library/Developer/CommandLineTools/SDKs/MacOSX10.14.sdk/usr/lib] ==> [/Library/Developer/CommandLineTools/SDKs/MacOSX10.14.sdk/usr/lib]
  collapse framework dir [/Library/Developer/CommandLineTools/SDKs/MacOSX10.14.sdk/System/Library/Frameworks/] ==> [/Library/Developer/CommandLineTools/SDKs/MacOSX10.14.sdk/System/Library/Frameworks]
  implicit libs: [c++]
  implicit dirs: [/Library/Developer/CommandLineTools/SDKs/MacOSX10.14.sdk/usr/lib]
  implicit fwks: [/Library/Developer/CommandLineTools/SDKs/MacOSX10.14.sdk/System/Library/Frameworks]




Detecting CXX [-std=c++1z] compiler features compiled with the following output:
Change Dir: /Users/shihchungyu/NCKU/Programming_Language/homework/NCKU_PROGRAMMING_LANGUAGE/bonus/build/CMakeFiles/CMakeTmp

Run Build Command:"/usr/bin/make" "cmTC_38ed3/fast"
/Library/Developer/CommandLineTools/usr/bin/make -f CMakeFiles/cmTC_38ed3.dir/build.make CMakeFiles/cmTC_38ed3.dir/build
Building CXX object CMakeFiles/cmTC_38ed3.dir/feature_tests.cxx.o
/Library/Developer/CommandLineTools/usr/bin/c++    -isysroot /Library/Developer/CommandLineTools/SDKs/MacOSX10.14.sdk   -std=c++1z -o CMakeFiles/cmTC_38ed3.dir/feature_tests.cxx.o -c /Users/shihchungyu/NCKU/Programming_Language/homework/NCKU_PROGRAMMING_LANGUAGE/bonus/build/CMakeFiles/feature_tests.cxx
Linking CXX executable cmTC_38ed3
/usr/local/Cellar/cmake/3.13.4/bin/cmake -E cmake_link_script CMakeFiles/cmTC_38ed3.dir/link.txt --verbose=1
/Library/Developer/CommandLineTools/usr/bin/c++    -isysroot /Library/Developer/CommandLineTools/SDKs/MacOSX10.14.sdk -Wl,-search_paths_first -Wl,-headerpad_max_install_names   CMakeFiles/cmTC_38ed3.dir/feature_tests.cxx.o  -o cmTC_38ed3 


    Feature record: CXX_FEATURE:1cxx_aggregate_default_initializers
    Feature record: CXX_FEATURE:1cxx_alias_templates
    Feature record: CXX_FEATURE:1cxx_alignas
    Feature record: CXX_FEATURE:1cxx_alignof
    Feature record: CXX_FEATURE:1cxx_attributes
    Feature record: CXX_FEATURE:1cxx_attribute_deprecated
    Feature record: CXX_FEATURE:1cxx_auto_type
    Feature record: CXX_FEATURE:1cxx_binary_literals
    Feature record: CXX_FEATURE:1cxx_constexpr
    Feature record: CXX_FEATURE:1cxx_contextual_conversions
    Feature record: CXX_FEATURE:1cxx_decltype
    Feature record: CXX_FEATURE:1cxx_decltype_auto
    Feature record: CXX_FEATURE:1cxx_decltype_incomplete_return_types
    Feature record: CXX_FEATURE:1cxx_default_function_template_args
    Feature record: CXX_FEATURE:1cxx_defaulted_functions
    Feature record: CXX_FEATURE:1cxx_defaulted_move_initializers
    Feature record: CXX_FEATURE:1cxx_delegating_constructors
    Feature record: CXX_FEATURE:1cxx_deleted_functions
    Feature record: CXX_FEATURE:1cxx_digit_separators
    Feature record: CXX_FEATURE:1cxx_enum_forward_declarations
    Feature record: CXX_FEATURE:1cxx_explicit_conversions
    Feature record: CXX_FEATURE:1cxx_extended_friend_declarations
    Feature record: CXX_FEATURE:1cxx_extern_templates
    Feature record: CXX_FEATURE:1cxx_final
    Feature record: CXX_FEATURE:1cxx_func_identifier
    Feature record: CXX_FEATURE:1cxx_generalized_initializers
    Feature record: CXX_FEATURE:1cxx_generic_lambdas
    Feature record: CXX_FEATURE:1cxx_inheriting_constructors
    Feature record: CXX_FEATURE:1cxx_inline_namespaces
    Feature record: CXX_FEATURE:1cxx_lambdas
    Feature record: CXX_FEATURE:1cxx_lambda_init_captures
    Feature record: CXX_FEATURE:1cxx_local_type_template_args
    Feature record: CXX_FEATURE:1cxx_long_long_type
    Feature record: CXX_FEATURE:1cxx_noexcept
    Feature record: CXX_FEATURE:1cxx_nonstatic_member_init
    Feature record: CXX_FEATURE:1cxx_nullptr
    Feature record: CXX_FEATURE:1cxx_override
    Feature record: CXX_FEATURE:1cxx_range_for
    Feature record: CXX_FEATURE:1cxx_raw_string_literals
    Feature record: CXX_FEATURE:1cxx_reference_qualified_functions
    Feature record: CXX_FEATURE:1cxx_relaxed_constexpr
    Feature record: CXX_FEATURE:1cxx_return_type_deduction
    Feature record: CXX_FEATURE:1cxx_right_angle_brackets
    Feature record: CXX_FEATURE:1cxx_rvalue_references
    Feature record: CXX_FEATURE:1cxx_sizeof_member
    Feature record: CXX_FEATURE:1cxx_static_assert
    Feature record: CXX_FEATURE:1cxx_strong_enums
    Feature record: CXX_FEATURE:1cxx_template_template_parameters
    Feature record: CXX_FEATURE:1cxx_thread_local
    Feature record: CXX_FEATURE:1cxx_trailing_return_types
    Feature record: CXX_FEATURE:1cxx_unicode_literals
    Feature record: CXX_FEATURE:1cxx_uniform_initialization
    Feature record: CXX_FEATURE:1cxx_unrestricted_unions
    Feature record: CXX_FEATURE:1cxx_user_literals
    Feature record: CXX_FEATURE:1cxx_variable_templates
    Feature record: CXX_FEATURE:1cxx_variadic_macros
    Feature record: CXX_FEATURE:1cxx_variadic_templates


Detecting CXX [-std=c++14] compiler features compiled with the following output:
Change Dir: /Users/shihchungyu/NCKU/Programming_Language/homework/NCKU_PROGRAMMING_LANGUAGE/bonus/build/CMakeFiles/CMakeTmp

Run Build Command:"/usr/bin/make" "cmTC_acbbd/fast"
/Library/Developer/CommandLineTools/usr/bin/make -f CMakeFiles/cmTC_acbbd.dir/build.make CMakeFiles/cmTC_acbbd.dir/build
Building CXX object CMakeFiles/cmTC_acbbd.dir/feature_tests.cxx.o
/Library/Developer/CommandLineTools/usr/bin/c++    -isysroot /Library/Developer/CommandLineTools/SDKs/MacOSX10.14.sdk   -std=c++14 -o CMakeFiles/cmTC_acbbd.dir/feature_tests.cxx.o -c /Users/shihchungyu/NCKU/Programming_Language/homework/NCKU_PROGRAMMING_LANGUAGE/bonus/build/CMakeFiles/feature_tests.cxx
Linking CXX executable cmTC_acbbd
/usr/local/Cellar/cmake/3.13.4/bin/cmake -E cmake_link_script CMakeFiles/cmTC_acbbd.dir/link.txt --verbose=1
/Library/Developer/CommandLineTools/usr/bin/c++    -isysroot /Library/Developer/CommandLineTools/SDKs/MacOSX10.14.sdk -Wl,-search_paths_first -Wl,-headerpad_max_install_names   CMakeFiles/cmTC_acbbd.dir/feature_tests.cxx.o  -o cmTC_acbbd 


    Feature record: CXX_FEATURE:1cxx_aggregate_default_initializers
    Feature record: CXX_FEATURE:1cxx_alias_templates
    Feature record: CXX_FEATURE:1cxx_alignas
    Feature record: CXX_FEATURE:1cxx_alignof
    Feature record: CXX_FEATURE:1cxx_attributes
    Feature record: CXX_FEATURE:1cxx_attribute_deprecated
    Feature record: CXX_FEATURE:1cxx_auto_type
    Feature record: CXX_FEATURE:1cxx_binary_literals
    Feature record: CXX_FEATURE:1cxx_constexpr
    Feature record: CXX_FEATURE:1cxx_contextual_conversions
    Feature record: CXX_FEATURE:1cxx_decltype
    Feature record: CXX_FEATURE:1cxx_decltype_auto
    Feature record: CXX_FEATURE:1cxx_decltype_incomplete_return_types
    Feature record: CXX_FEATURE:1cxx_default_function_template_args
    Feature record: CXX_FEATURE:1cxx_defaulted_functions
    Feature record: CXX_FEATURE:1cxx_defaulted_move_initializers
    Feature record: CXX_FEATURE:1cxx_delegating_constructors
    Feature record: CXX_FEATURE:1cxx_deleted_functions
    Feature record: CXX_FEATURE:1cxx_digit_separators
    Feature record: CXX_FEATURE:1cxx_enum_forward_declarations
    Feature record: CXX_FEATURE:1cxx_explicit_conversions
    Feature record: CXX_FEATURE:1cxx_extended_friend_declarations
    Feature record: CXX_FEATURE:1cxx_extern_templates
    Feature record: CXX_FEATURE:1cxx_final
    Feature record: CXX_FEATURE:1cxx_func_identifier
    Feature record: CXX_FEATURE:1cxx_generalized_initializers
    Feature record: CXX_FEATURE:1cxx_generic_lambdas
    Feature record: CXX_FEATURE:1cxx_inheriting_constructors
    Feature record: CXX_FEATURE:1cxx_inline_namespaces
    Feature record: CXX_FEATURE:1cxx_lambdas
    Feature record: CXX_FEATURE:1cxx_lambda_init_captures
    Feature record: CXX_FEATURE:1cxx_local_type_template_args
    Feature record: CXX_FEATURE:1cxx_long_long_type
    Feature record: CXX_FEATURE:1cxx_noexcept
    Feature record: CXX_FEATURE:1cxx_nonstatic_member_init
    Feature record: CXX_FEATURE:1cxx_nullptr
    Feature record: CXX_FEATURE:1cxx_override
    Feature record: CXX_FEATURE:1cxx_range_for
    Feature record: CXX_FEATURE:1cxx_raw_string_literals
    Feature record: CXX_FEATURE:1cxx_reference_qualified_functions
    Feature record: CXX_FEATURE:1cxx_relaxed_constexpr
    Feature record: CXX_FEATURE:1cxx_return_type_deduction
    Feature record: CXX_FEATURE:1cxx_right_angle_brackets
    Feature record: CXX_FEATURE:1cxx_rvalue_references
    Feature record: CXX_FEATURE:1cxx_sizeof_member
    Feature record: CXX_FEATURE:1cxx_static_assert
    Feature record: CXX_FEATURE:1cxx_strong_enums
    Feature record: CXX_FEATURE:1cxx_template_template_parameters
    Feature record: CXX_FEATURE:1cxx_thread_local
    Feature record: CXX_FEATURE:1cxx_trailing_return_types
    Feature record: CXX_FEATURE:1cxx_unicode_literals
    Feature record: CXX_FEATURE:1cxx_uniform_initialization
    Feature record: CXX_FEATURE:1cxx_unrestricted_unions
    Feature record: CXX_FEATURE:1cxx_user_literals
    Feature record: CXX_FEATURE:1cxx_variable_templates
    Feature record: CXX_FEATURE:1cxx_variadic_macros
    Feature record: CXX_FEATURE:1cxx_variadic_templates


Detecting CXX [-std=c++11] compiler features compiled with the following output:
Change Dir: /Users/shihchungyu/NCKU/Programming_Language/homework/NCKU_PROGRAMMING_LANGUAGE/bonus/build/CMakeFiles/CMakeTmp

Run Build Command:"/usr/bin/make" "cmTC_30447/fast"
/Library/Developer/CommandLineTools/usr/bin/make -f CMakeFiles/cmTC_30447.dir/build.make CMakeFiles/cmTC_30447.dir/build
Building CXX object CMakeFiles/cmTC_30447.dir/feature_tests.cxx.o
/Library/Developer/CommandLineTools/usr/bin/c++    -isysroot /Library/Developer/CommandLineTools/SDKs/MacOSX10.14.sdk   -std=c++11 -o CMakeFiles/cmTC_30447.dir/feature_tests.cxx.o -c /Users/shihchungyu/NCKU/Programming_Language/homework/NCKU_PROGRAMMING_LANGUAGE/bonus/build/CMakeFiles/feature_tests.cxx
Linking CXX executable cmTC_30447
/usr/local/Cellar/cmake/3.13.4/bin/cmake -E cmake_link_script CMakeFiles/cmTC_30447.dir/link.txt --verbose=1
/Library/Developer/CommandLineTools/usr/bin/c++    -isysroot /Library/Developer/CommandLineTools/SDKs/MacOSX10.14.sdk -Wl,-search_paths_first -Wl,-headerpad_max_install_names   CMakeFiles/cmTC_30447.dir/feature_tests.cxx.o  -o cmTC_30447 


    Feature record: CXX_FEATURE:0cxx_aggregate_default_initializers
    Feature record: CXX_FEATURE:1cxx_alias_templates
    Feature record: CXX_FEATURE:1cxx_alignas
    Feature record: CXX_FEATURE:1cxx_alignof
    Feature record: CXX_FEATURE:1cxx_attributes
    Feature record: CXX_FEATURE:0cxx_attribute_deprecated
    Feature record: CXX_FEATURE:1cxx_auto_type
    Feature record: CXX_FEATURE:0cxx_binary_literals
    Feature record: CXX_FEATURE:1cxx_constexpr
    Feature record: CXX_FEATURE:0cxx_contextual_conversions
    Feature record: CXX_FEATURE:1cxx_decltype
    Feature record: CXX_FEATURE:0cxx_decltype_auto
    Feature record: CXX_FEATURE:1cxx_decltype_incomplete_return_types
    Feature record: CXX_FEATURE:1cxx_default_function_template_args
    Feature record: CXX_FEATURE:1cxx_defaulted_functions
    Feature record: CXX_FEATURE:1cxx_defaulted_move_initializers
    Feature record: CXX_FEATURE:1cxx_delegating_constructors
    Feature record: CXX_FEATURE:1cxx_deleted_functions
    Feature record: CXX_FEATURE:0cxx_digit_separators
    Feature record: CXX_FEATURE:1cxx_enum_forward_declarations
    Feature record: CXX_FEATURE:1cxx_explicit_conversions
    Feature record: CXX_FEATURE:1cxx_extended_friend_declarations
    Feature record: CXX_FEATURE:1cxx_extern_templates
    Feature record: CXX_FEATURE:1cxx_final
    Feature record: CXX_FEATURE:1cxx_func_identifier
    Feature record: CXX_FEATURE:1cxx_generalized_initializers
    Feature record: CXX_FEATURE:0cxx_generic_lambdas
    Feature record: CXX_FEATURE:1cxx_inheriting_constructors
    Feature record: CXX_FEATURE:1cxx_inline_namespaces
    Feature record: CXX_FEATURE:1cxx_lambdas
    Feature record: CXX_FEATURE:0cxx_lambda_init_captures
    Feature record: CXX_FEATURE:1cxx_local_type_template_args
    Feature record: CXX_FEATURE:1cxx_long_long_type
    Feature record: CXX_FEATURE:1cxx_noexcept
    Feature record: CXX_FEATURE:1cxx_nonstatic_member_init
    Feature record: CXX_FEATURE:1cxx_nullptr
    Feature record: CXX_FEATURE:1cxx_override
    Feature record: CXX_FEATURE:1cxx_range_for
    Feature record: CXX_FEATURE:1cxx_raw_string_literals
    Feature record: CXX_FEATURE:1cxx_reference_qualified_functions
    Feature record: CXX_FEATURE:0cxx_relaxed_constexpr
    Feature record: CXX_FEATURE:0cxx_return_type_deduction
    Feature record: CXX_FEATURE:1cxx_right_angle_brackets
    Feature record: CXX_FEATURE:1cxx_rvalue_references
    Feature record: CXX_FEATURE:1cxx_sizeof_member
    Feature record: CXX_FEATURE:1cxx_static_assert
    Feature record: CXX_FEATURE:1cxx_strong_enums
    Feature record: CXX_FEATURE:1cxx_template_template_parameters
    Feature record: CXX_FEATURE:1cxx_thread_local
    Feature record: CXX_FEATURE:1cxx_trailing_return_types
    Feature record: CXX_FEATURE:1cxx_unicode_literals
    Feature record: CXX_FEATURE:1cxx_uniform_initialization
    Feature record: CXX_FEATURE:1cxx_unrestricted_unions
    Feature record: CXX_FEATURE:1cxx_user_literals
    Feature record: CXX_FEATURE:0cxx_variable_templates
    Feature record: CXX_FEATURE:1cxx_variadic_macros
    Feature record: CXX_FEATURE:1cxx_variadic_templates


Detecting CXX [-std=c++98] compiler features compiled with the following output:
Change Dir: /Users/shihchungyu/NCKU/Programming_Language/homework/NCKU_PROGRAMMING_LANGUAGE/bonus/build/CMakeFiles/CMakeTmp

Run Build Command:"/usr/bin/make" "cmTC_180e8/fast"
/Library/Developer/CommandLineTools/usr/bin/make -f CMakeFiles/cmTC_180e8.dir/build.make CMakeFiles/cmTC_180e8.dir/build
Building CXX object CMakeFiles/cmTC_180e8.dir/feature_tests.cxx.o
/Library/Developer/CommandLineTools/usr/bin/c++    -isysroot /Library/Developer/CommandLineTools/SDKs/MacOSX10.14.sdk   -std=c++98 -o CMakeFiles/cmTC_180e8.dir/feature_tests.cxx.o -c /Users/shihchungyu/NCKU/Programming_Language/homework/NCKU_PROGRAMMING_LANGUAGE/bonus/build/CMakeFiles/feature_tests.cxx
Linking CXX executable cmTC_180e8
/usr/local/Cellar/cmake/3.13.4/bin/cmake -E cmake_link_script CMakeFiles/cmTC_180e8.dir/link.txt --verbose=1
/Library/Developer/CommandLineTools/usr/bin/c++    -isysroot /Library/Developer/CommandLineTools/SDKs/MacOSX10.14.sdk -Wl,-search_paths_first -Wl,-headerpad_max_install_names   CMakeFiles/cmTC_180e8.dir/feature_tests.cxx.o  -o cmTC_180e8 


    Feature record: CXX_FEATURE:0cxx_aggregate_default_initializers
    Feature record: CXX_FEATURE:0cxx_alias_templates
    Feature record: CXX_FEATURE:0cxx_alignas
    Feature record: CXX_FEATURE:0cxx_alignof
    Feature record: CXX_FEATURE:0cxx_attributes
    Feature record: CXX_FEATURE:0cxx_attribute_deprecated
    Feature record: CXX_FEATURE:0cxx_auto_type
    Feature record: CXX_FEATURE:0cxx_binary_literals
    Feature record: CXX_FEATURE:0cxx_constexpr
    Feature record: CXX_FEATURE:0cxx_contextual_conversions
    Feature record: CXX_FEATURE:0cxx_decltype
    Feature record: CXX_FEATURE:0cxx_decltype_auto
    Feature record: CXX_FEATURE:0cxx_decltype_incomplete_return_types
    Feature record: CXX_FEATURE:0cxx_default_function_template_args
    Feature record: CXX_FEATURE:0cxx_defaulted_functions
    Feature record: CXX_FEATURE:0cxx_defaulted_move_initializers
    Feature record: CXX_FEATURE:0cxx_delegating_constructors
    Feature record: CXX_FEATURE:0cxx_deleted_functions
    Feature record: CXX_FEATURE:0cxx_digit_separators
    Feature record: CXX_FEATURE:0cxx_enum_forward_declarations
    Feature record: CXX_FEATURE:0cxx_explicit_conversions
    Feature record: CXX_FEATURE:0cxx_extended_friend_declarations
    Feature record: CXX_FEATURE:0cxx_extern_templates
    Feature record: CXX_FEATURE:0cxx_final
    Feature record: CXX_FEATURE:0cxx_func_identifier
    Feature record: CXX_FEATURE:0cxx_generalized_initializers
    Feature record: CXX_FEATURE:0cxx_generic_lambdas
    Feature record: CXX_FEATURE:0cxx_inheriting_constructors
    Feature record: CXX_FEATURE:0cxx_inline_namespaces
    Feature record: CXX_FEATURE:0cxx_lambdas
    Feature record: CXX_FEATURE:0cxx_lambda_init_captures
    Feature record: CXX_FEATURE:0cxx_local_type_template_args
    Feature record: CXX_FEATURE:0cxx_long_long_type
    Feature record: CXX_FEATURE:0cxx_noexcept
    Feature record: CXX_FEATURE:0cxx_nonstatic_member_init
    Feature record: CXX_FEATURE:0cxx_nullptr
    Feature record: CXX_FEATURE:0cxx_override
    Feature record: CXX_FEATURE:0cxx_range_for
    Feature record: CXX_FEATURE:0cxx_raw_string_literals
    Feature record: CXX_FEATURE:0cxx_reference_qualified_functions
    Feature record: CXX_FEATURE:0cxx_relaxed_constexpr
    Feature record: CXX_FEATURE:0cxx_return_type_deduction
    Feature record: CXX_FEATURE:0cxx_right_angle_brackets
    Feature record: CXX_FEATURE:0cxx_rvalue_references
    Feature record: CXX_FEATURE:0cxx_sizeof_member
    Feature record: CXX_FEATURE:0cxx_static_assert
    Feature record: CXX_FEATURE:0cxx_strong_enums
    Feature record: CXX_FEATURE:1cxx_template_template_parameters
    Feature record: CXX_FEATURE:0cxx_thread_local
    Feature record: CXX_FEATURE:0cxx_trailing_return_types
    Feature record: CXX_FEATURE:0cxx_unicode_literals
    Feature record: CXX_FEATURE:0cxx_uniform_initialization
    Feature record: CXX_FEATURE:0cxx_unrestricted_unions
    Feature record: CXX_FEATURE:0cxx_user_literals
    Feature record: CXX_FEATURE:0cxx_variable_templates
    Feature record: CXX_FEATURE:0cxx_variadic_macros
    Feature record: CXX_FEATURE:0cxx_variadic_templates
Determining if the function XOpenDisplay exists in the /usr/X11R6/lib/libX11.dylib;/usr/X11R6/lib/libXext.dylib passed with the following output:
Change Dir: /Users/shihchungyu/NCKU/Programming_Language/homework/NCKU_PROGRAMMING_LANGUAGE/bonus/build/CMakeFiles/CMakeTmp

Run Build Command:"/usr/bin/make" "cmTC_97c20/fast"
/Library/Developer/CommandLineTools/usr/bin/make -f CMakeFiles/cmTC_97c20.dir/build.make CMakeFiles/cmTC_97c20.dir/build
Building C object CMakeFiles/cmTC_97c20.dir/CheckFunctionExists.c.o
/Library/Developer/CommandLineTools/usr/bin/cc   -DCHECK_FUNCTION_EXISTS=XOpenDisplay -isysroot /Library/Developer/CommandLineTools/SDKs/MacOSX10.14.sdk   -o CMakeFiles/cmTC_97c20.dir/CheckFunctionExists.c.o   -c /usr/local/Cellar/cmake/3.13.4/share/cmake/Modules/CheckFunctionExists.c
Linking C executable cmTC_97c20
/usr/local/Cellar/cmake/3.13.4/bin/cmake -E cmake_link_script CMakeFiles/cmTC_97c20.dir/link.txt --verbose=1
/Library/Developer/CommandLineTools/usr/bin/cc  -DCHECK_FUNCTION_EXISTS=XOpenDisplay -isysroot /Library/Developer/CommandLineTools/SDKs/MacOSX10.14.sdk -Wl,-search_paths_first -Wl,-headerpad_max_install_names   CMakeFiles/cmTC_97c20.dir/CheckFunctionExists.c.o  -o cmTC_97c20  -L/usr/X11R6/lib -Wl,-rpath,/usr/X11R6/lib /usr/X11R6/lib/libX11.dylib /usr/X11R6/lib/libXext.dylib 


Determining if the function gethostbyname exists passed with the following output:
Change Dir: /Users/shihchungyu/NCKU/Programming_Language/homework/NCKU_PROGRAMMING_LANGUAGE/bonus/build/CMakeFiles/CMakeTmp

Run Build Command:"/usr/bin/make" "cmTC_675ca/fast"
/Library/Developer/CommandLineTools/usr/bin/make -f CMakeFiles/cmTC_675ca.dir/build.make CMakeFiles/cmTC_675ca.dir/build
Building C object CMakeFiles/cmTC_675ca.dir/CheckFunctionExists.c.o
/Library/Developer/CommandLineTools/usr/bin/cc   -DCHECK_FUNCTION_EXISTS=gethostbyname -isysroot /Library/Developer/CommandLineTools/SDKs/MacOSX10.14.sdk   -o CMakeFiles/cmTC_675ca.dir/CheckFunctionExists.c.o   -c /usr/local/Cellar/cmake/3.13.4/share/cmake/Modules/CheckFunctionExists.c
Linking C executable cmTC_675ca
/usr/local/Cellar/cmake/3.13.4/bin/cmake -E cmake_link_script CMakeFiles/cmTC_675ca.dir/link.txt --verbose=1
/Library/Developer/CommandLineTools/usr/bin/cc  -DCHECK_FUNCTION_EXISTS=gethostbyname -isysroot /Library/Developer/CommandLineTools/SDKs/MacOSX10.14.sdk -Wl,-search_paths_first -Wl,-headerpad_max_install_names   CMakeFiles/cmTC_675ca.dir/CheckFunctionExists.c.o  -o cmTC_675ca 


Determining if the function connect exists passed with the following output:
Change Dir: /Users/shihchungyu/NCKU/Programming_Language/homework/NCKU_PROGRAMMING_LANGUAGE/bonus/build/CMakeFiles/CMakeTmp

Run Build Command:"/usr/bin/make" "cmTC_a2df6/fast"
/Library/Developer/CommandLineTools/usr/bin/make -f CMakeFiles/cmTC_a2df6.dir/build.make CMakeFiles/cmTC_a2df6.dir/build
Building C object CMakeFiles/cmTC_a2df6.dir/CheckFunctionExists.c.o
/Library/Developer/CommandLineTools/usr/bin/cc   -DCHECK_FUNCTION_EXISTS=connect -isysroot /Library/Developer/CommandLineTools/SDKs/MacOSX10.14.sdk   -o CMakeFiles/cmTC_a2df6.dir/CheckFunctionExists.c.o   -c /usr/local/Cellar/cmake/3.13.4/share/cmake/Modules/CheckFunctionExists.c
Linking C executable cmTC_a2df6
/usr/local/Cellar/cmake/3.13.4/bin/cmake -E cmake_link_script CMakeFiles/cmTC_a2df6.dir/link.txt --verbose=1
/Library/Developer/CommandLineTools/usr/bin/cc  -DCHECK_FUNCTION_EXISTS=connect -isysroot /Library/Developer/CommandLineTools/SDKs/MacOSX10.14.sdk -Wl,-search_paths_first -Wl,-headerpad_max_install_names   CMakeFiles/cmTC_a2df6.dir/CheckFunctionExists.c.o  -o cmTC_a2df6 


Determining if the function remove exists passed with the following output:
Change Dir: /Users/shihchungyu/NCKU/Programming_Language/homework/NCKU_PROGRAMMING_LANGUAGE/bonus/build/CMakeFiles/CMakeTmp

Run Build Command:"/usr/bin/make" "cmTC_1d039/fast"
/Library/Developer/CommandLineTools/usr/bin/make -f CMakeFiles/cmTC_1d039.dir/build.make CMakeFiles/cmTC_1d039.dir/build
Building C object CMakeFiles/cmTC_1d039.dir/CheckFunctionExists.c.o
/Library/Developer/CommandLineTools/usr/bin/cc   -DCHECK_FUNCTION_EXISTS=remove -isysroot /Library/Developer/CommandLineTools/SDKs/MacOSX10.14.sdk   -o CMakeFiles/cmTC_1d039.dir/CheckFunctionExists.c.o   -c /usr/local/Cellar/cmake/3.13.4/share/cmake/Modules/CheckFunctionExists.c
Linking C executable cmTC_1d039
/usr/local/Cellar/cmake/3.13.4/bin/cmake -E cmake_link_script CMakeFiles/cmTC_1d039.dir/link.txt --verbose=1
/Library/Developer/CommandLineTools/usr/bin/cc  -DCHECK_FUNCTION_EXISTS=remove -isysroot /Library/Developer/CommandLineTools/SDKs/MacOSX10.14.sdk -Wl,-search_paths_first -Wl,-headerpad_max_install_names   CMakeFiles/cmTC_1d039.dir/CheckFunctionExists.c.o  -o cmTC_1d039 


Determining if the function shmat exists passed with the following output:
Change Dir: /Users/shihchungyu/NCKU/Programming_Language/homework/NCKU_PROGRAMMING_LANGUAGE/bonus/build/CMakeFiles/CMakeTmp

Run Build Command:"/usr/bin/make" "cmTC_7936e/fast"
/Library/Developer/CommandLineTools/usr/bin/make -f CMakeFiles/cmTC_7936e.dir/build.make CMakeFiles/cmTC_7936e.dir/build
Building C object CMakeFiles/cmTC_7936e.dir/CheckFunctionExists.c.o
/Library/Developer/CommandLineTools/usr/bin/cc   -DCHECK_FUNCTION_EXISTS=shmat -isysroot /Library/Developer/CommandLineTools/SDKs/MacOSX10.14.sdk   -o CMakeFiles/cmTC_7936e.dir/CheckFunctionExists.c.o   -c /usr/local/Cellar/cmake/3.13.4/share/cmake/Modules/CheckFunctionExists.c
Linking C executable cmTC_7936e
/usr/local/Cellar/cmake/3.13.4/bin/cmake -E cmake_link_script CMakeFiles/cmTC_7936e.dir/link.txt --verbose=1
/Library/Developer/CommandLineTools/usr/bin/cc  -DCHECK_FUNCTION_EXISTS=shmat -isysroot /Library/Developer/CommandLineTools/SDKs/MacOSX10.14.sdk -Wl,-search_paths_first -Wl,-headerpad_max_install_names   CMakeFiles/cmTC_7936e.dir/CheckFunctionExists.c.o  -o cmTC_7936e 


Determining if the function IceConnectionNumber exists in the ICE passed with the following output:
Change Dir: /Users/shihchungyu/NCKU/Programming_Language/homework/NCKU_PROGRAMMING_LANGUAGE/bonus/build/CMakeFiles/CMakeTmp

Run Build Command:"/usr/bin/make" "cmTC_9e8ee/fast"
/Library/Developer/CommandLineTools/usr/bin/make -f CMakeFiles/cmTC_9e8ee.dir/build.make CMakeFiles/cmTC_9e8ee.dir/build
Building C object CMakeFiles/cmTC_9e8ee.dir/CheckFunctionExists.c.o
/Library/Developer/CommandLineTools/usr/bin/cc   -DCHECK_FUNCTION_EXISTS=IceConnectionNumber -isysroot /Library/Developer/CommandLineTools/SDKs/MacOSX10.14.sdk   -o CMakeFiles/cmTC_9e8ee.dir/CheckFunctionExists.c.o   -c /usr/local/Cellar/cmake/3.13.4/share/cmake/Modules/CheckFunctionExists.c
Linking C executable cmTC_9e8ee
/usr/local/Cellar/cmake/3.13.4/bin/cmake -E cmake_link_script CMakeFiles/cmTC_9e8ee.dir/link.txt --verbose=1
/Library/Developer/CommandLineTools/usr/bin/cc  -DCHECK_FUNCTION_EXISTS=IceConnectionNumber -isysroot /Library/Developer/CommandLineTools/SDKs/MacOSX10.14.sdk -Wl,-search_paths_first -Wl,-headerpad_max_install_names   CMakeFiles/cmTC_9e8ee.dir/CheckFunctionExists.c.o  -o cmTC_9e8ee  -L/usr/X11R6/lib -Wl,-rpath,/usr/X11R6/lib -lICE 


Determining if the include file pthread.h exists passed with the following output:
Change Dir: /Users/shihchungyu/NCKU/Programming_Language/homework/NCKU_PROGRAMMING_LANGUAGE/bonus/build/CMakeFiles/CMakeTmp

Run Build Command:"/usr/bin/make" "cmTC_66945/fast"
/Library/Developer/CommandLineTools/usr/bin/make -f CMakeFiles/cmTC_66945.dir/build.make CMakeFiles/cmTC_66945.dir/build
Building C object CMakeFiles/cmTC_66945.dir/CheckIncludeFile.c.o
/Library/Developer/CommandLineTools/usr/bin/cc   -isysroot /Library/Developer/CommandLineTools/SDKs/MacOSX10.14.sdk   -o CMakeFiles/cmTC_66945.dir/CheckIncludeFile.c.o   -c /Users/shihchungyu/NCKU/Programming_Language/homework/NCKU_PROGRAMMING_LANGUAGE/bonus/build/CMakeFiles/CMakeTmp/CheckIncludeFile.c
Linking C executable cmTC_66945
/usr/local/Cellar/cmake/3.13.4/bin/cmake -E cmake_link_script CMakeFiles/cmTC_66945.dir/link.txt --verbose=1
/Library/Developer/CommandLineTools/usr/bin/cc   -isysroot /Library/Developer/CommandLineTools/SDKs/MacOSX10.14.sdk -Wl,-search_paths_first -Wl,-headerpad_max_install_names   CMakeFiles/cmTC_66945.dir/CheckIncludeFile.c.o  -o cmTC_66945 


Determining if the pthread_create exist passed with the following output:
Change Dir: /Users/shihchungyu/NCKU/Programming_Language/homework/NCKU_PROGRAMMING_LANGUAGE/bonus/build/CMakeFiles/CMakeTmp

Run Build Command:"/usr/bin/make" "cmTC_a3fc1/fast"
/Library/Developer/CommandLineTools/usr/bin/make -f CMakeFiles/cmTC_a3fc1.dir/build.make CMakeFiles/cmTC_a3fc1.dir/build
Building C object CMakeFiles/cmTC_a3fc1.dir/CheckSymbolExists.c.o
/Library/Developer/CommandLineTools/usr/bin/cc   -isysroot /Library/Developer/CommandLineTools/SDKs/MacOSX10.14.sdk   -o CMakeFiles/cmTC_a3fc1.dir/CheckSymbolExists.c.o   -c /Users/shihchungyu/NCKU/Programming_Language/homework/NCKU_PROGRAMMING_LANGUAGE/bonus/build/CMakeFiles/CMakeTmp/CheckSymbolExists.c
Linking C executable cmTC_a3fc1
/usr/local/Cellar/cmake/3.13.4/bin/cmake -E cmake_link_script CMakeFiles/cmTC_a3fc1.dir/link.txt --verbose=1
/Library/Developer/CommandLineTools/usr/bin/cc   -isysroot /Library/Developer/CommandLineTools/SDKs/MacOSX10.14.sdk -Wl,-search_paths_first -Wl,-headerpad_max_install_names   CMakeFiles/cmTC_a3fc1.dir/CheckSymbolExists.c.o  -o cmTC_a3fc1 

File /Users/shihchungyu/NCKU/Programming_Language/homework/NCKU_PROGRAMMING_LANGUAGE/bonus/build/CMakeFiles/CMakeTmp/CheckSymbolExists.c:
/* */
#include <pthread.h>

int main(int argc, char** argv)
{
  (void)argv;
#ifndef pthread_create
  return ((int*)(&pthread_create))[argc];
#else
  (void)argc;
  return 0;
#endif
}

Performing C++ SOURCE FILE Test has_std_11_flag succeeded with the following output:
Change Dir: /Users/shihchungyu/NCKU/Programming_Language/homework/NCKU_PROGRAMMING_LANGUAGE/bonus/build/CMakeFiles/CMakeTmp

Run Build Command:"/usr/bin/make" "cmTC_ada7c/fast"
/Library/Developer/CommandLineTools/usr/bin/make -f CMakeFiles/cmTC_ada7c.dir/build.make CMakeFiles/cmTC_ada7c.dir/build
Building CXX object CMakeFiles/cmTC_ada7c.dir/src.cxx.o
/Library/Developer/CommandLineTools/usr/bin/c++    -Dhas_std_11_flag -isysroot /Library/Developer/CommandLineTools/SDKs/MacOSX10.14.sdk   -std=c++11 -std=gnu++11 -o CMakeFiles/cmTC_ada7c.dir/src.cxx.o -c /Users/shihchungyu/NCKU/Programming_Language/homework/NCKU_PROGRAMMING_LANGUAGE/bonus/build/CMakeFiles/CMakeTmp/src.cxx
Linking CXX executable cmTC_ada7c
/usr/local/Cellar/cmake/3.13.4/bin/cmake -E cmake_link_script CMakeFiles/cmTC_ada7c.dir/link.txt --verbose=1
/Library/Developer/CommandLineTools/usr/bin/c++   -Dhas_std_11_flag -isysroot /Library/Developer/CommandLineTools/SDKs/MacOSX10.14.sdk -Wl,-search_paths_first -Wl,-headerpad_max_install_names   CMakeFiles/cmTC_ada7c.dir/src.cxx.o  -o cmTC_ada7c 

Source file was:
int main() { return 0; }
Performing C++ SOURCE FILE Test has_std_0x_flag succeeded with the following output:
Change Dir: /Users/shihchungyu/NCKU/Programming_Language/homework/NCKU_PROGRAMMING_LANGUAGE/bonus/build/CMakeFiles/CMakeTmp

Run Build Command:"/usr/bin/make" "cmTC_4fd7a/fast"
/Library/Developer/CommandLineTools/usr/bin/make -f CMakeFiles/cmTC_4fd7a.dir/build.make CMakeFiles/cmTC_4fd7a.dir/build
Building CXX object CMakeFiles/cmTC_4fd7a.dir/src.cxx.o
/Library/Developer/CommandLineTools/usr/bin/c++    -Dhas_std_0x_flag -isysroot /Library/Developer/CommandLineTools/SDKs/MacOSX10.14.sdk   -std=c++0x -std=gnu++11 -o CMakeFiles/cmTC_4fd7a.dir/src.cxx.o -c /Users/shihchungyu/NCKU/Programming_Language/homework/NCKU_PROGRAMMING_LANGUAGE/bonus/build/CMakeFiles/CMakeTmp/src.cxx
Linking CXX executable cmTC_4fd7a
/usr/local/Cellar/cmake/3.13.4/bin/cmake -E cmake_link_script CMakeFiles/cmTC_4fd7a.dir/link.txt --verbose=1
/Library/Developer/CommandLineTools/usr/bin/c++   -Dhas_std_0x_flag -isysroot /Library/Developer/CommandLineTools/SDKs/MacOSX10.14.sdk -Wl,-search_paths_first -Wl,-headerpad_max_install_names   CMakeFiles/cmTC_4fd7a.dir/src.cxx.o  -o cmTC_4fd7a 

Source file was:
int main() { return 0; }
Performing C++ SOURCE FILE Test SUPPORTS_VARIADIC_TEMPLATES succeeded with the following output:
Change Dir: /Users/shihchungyu/NCKU/Programming_Language/homework/NCKU_PROGRAMMING_LANGUAGE/bonus/build/CMakeFiles/CMakeTmp

Run Build Command:"/usr/bin/make" "cmTC_c7418/fast"
/Library/Developer/CommandLineTools/usr/bin/make -f CMakeFiles/cmTC_c7418.dir/build.make CMakeFiles/cmTC_c7418.dir/build
Building CXX object CMakeFiles/cmTC_c7418.dir/src.cxx.o
/Library/Developer/CommandLineTools/usr/bin/c++    -DSUPPORTS_VARIADIC_TEMPLATES -std=c++11 -isysroot /Library/Developer/CommandLineTools/SDKs/MacOSX10.14.sdk   -std=gnu++11 -o CMakeFiles/cmTC_c7418.dir/src.cxx.o -c /Users/shihchungyu/NCKU/Programming_Language/homework/NCKU_PROGRAMMING_LANGUAGE/bonus/build/CMakeFiles/CMakeTmp/src.cxx
Linking CXX executable cmTC_c7418
/usr/local/Cellar/cmake/3.13.4/bin/cmake -E cmake_link_script CMakeFiles/cmTC_c7418.dir/link.txt --verbose=1
/Library/Developer/CommandLineTools/usr/bin/c++   -DSUPPORTS_VARIADIC_TEMPLATES -std=c++11 -isysroot /Library/Developer/CommandLineTools/SDKs/MacOSX10.14.sdk -Wl,-search_paths_first -Wl,-headerpad_max_install_names   CMakeFiles/cmTC_c7418.dir/src.cxx.o  -o cmTC_c7418 

Source file was:

  template <class T, class ...Types>
  struct S { typedef typename S<Types...>::type type; };
  int main() {}
Performing C++ SOURCE FILE Test SUPPORTS_USER_DEFINED_LITERALS succeeded with the following output:
Change Dir: /Users/shihchungyu/NCKU/Programming_Language/homework/NCKU_PROGRAMMING_LANGUAGE/bonus/build/CMakeFiles/CMakeTmp

Run Build Command:"/usr/bin/make" "cmTC_9b9f3/fast"
/Library/Developer/CommandLineTools/usr/bin/make -f CMakeFiles/cmTC_9b9f3.dir/build.make CMakeFiles/cmTC_9b9f3.dir/build
Building CXX object CMakeFiles/cmTC_9b9f3.dir/src.cxx.o
/Library/Developer/CommandLineTools/usr/bin/c++    -DSUPPORTS_USER_DEFINED_LITERALS -std=c++11 -isysroot /Library/Developer/CommandLineTools/SDKs/MacOSX10.14.sdk   -std=gnu++11 -o CMakeFiles/cmTC_9b9f3.dir/src.cxx.o -c /Users/shihchungyu/NCKU/Programming_Language/homework/NCKU_PROGRAMMING_LANGUAGE/bonus/build/CMakeFiles/CMakeTmp/src.cxx
Linking CXX executable cmTC_9b9f3
/usr/local/Cellar/cmake/3.13.4/bin/cmake -E cmake_link_script CMakeFiles/cmTC_9b9f3.dir/link.txt --verbose=1
/Library/Developer/CommandLineTools/usr/bin/c++   -DSUPPORTS_USER_DEFINED_LITERALS -std=c++11 -isysroot /Library/Developer/CommandLineTools/SDKs/MacOSX10.14.sdk -Wl,-search_paths_first -Wl,-headerpad_max_install_names   CMakeFiles/cmTC_9b9f3.dir/src.cxx.o  -o cmTC_9b9f3 

Source file was:

  void operator"" _udl(long double);
  int main() {}
Performing C++ SOURCE FILE Test FMT_HAS_VARIANT succeeded with the following output:
Change Dir: /Users/shihchungyu/NCKU/Programming_Language/homework/NCKU_PROGRAMMING_LANGUAGE/bonus/build/CMakeFiles/CMakeTmp

Run Build Command:"/usr/bin/make" "cmTC_d722f/fast"
/Library/Developer/CommandLineTools/usr/bin/make -f CMakeFiles/cmTC_d722f.dir/build.make CMakeFiles/cmTC_d722f.dir/build
Building CXX object CMakeFiles/cmTC_d722f.dir/src.cxx.o
/Library/Developer/CommandLineTools/usr/bin/c++    -DFMT_HAS_VARIANT -std=c++1z -isysroot /Library/Developer/CommandLineTools/SDKs/MacOSX10.14.sdk   -std=gnu++11 -o CMakeFiles/cmTC_d722f.dir/src.cxx.o -c /Users/shihchungyu/NCKU/Programming_Language/homework/NCKU_PROGRAMMING_LANGUAGE/bonus/build/CMakeFiles/CMakeTmp/src.cxx
Linking CXX executable cmTC_d722f
/usr/local/Cellar/cmake/3.13.4/bin/cmake -E cmake_link_script CMakeFiles/cmTC_d722f.dir/link.txt --verbose=1
/Library/Developer/CommandLineTools/usr/bin/c++   -DFMT_HAS_VARIANT -std=c++1z -isysroot /Library/Developer/CommandLineTools/SDKs/MacOSX10.14.sdk -Wl,-search_paths_first -Wl,-headerpad_max_install_names   CMakeFiles/cmTC_d722f.dir/src.cxx.o  -o cmTC_d722f 

Source file was:

  #include <variant>
  int main() {}
Performing C++ SOURCE FILE Test HAS_NULLPTR_WARNING succeeded with the following output:
Change Dir: /Users/shihchungyu/NCKU/Programming_Language/homework/NCKU_PROGRAMMING_LANGUAGE/bonus/build/CMakeFiles/CMakeTmp

Run Build Command:"/usr/bin/make" "cmTC_1f9f2/fast"
/Library/Developer/CommandLineTools/usr/bin/make -f CMakeFiles/cmTC_1f9f2.dir/build.make CMakeFiles/cmTC_1f9f2.dir/build
Building CXX object CMakeFiles/cmTC_1f9f2.dir/src.cxx.o
/Library/Developer/CommandLineTools/usr/bin/c++    -DHAS_NULLPTR_WARNING -isysroot /Library/Developer/CommandLineTools/SDKs/MacOSX10.14.sdk   -Wzero-as-null-pointer-constant -std=gnu++11 -o CMakeFiles/cmTC_1f9f2.dir/src.cxx.o -c /Users/shihchungyu/NCKU/Programming_Language/homework/NCKU_PROGRAMMING_LANGUAGE/bonus/build/CMakeFiles/CMakeTmp/src.cxx
Linking CXX executable cmTC_1f9f2
/usr/local/Cellar/cmake/3.13.4/bin/cmake -E cmake_link_script CMakeFiles/cmTC_1f9f2.dir/link.txt --verbose=1
/Library/Developer/CommandLineTools/usr/bin/c++   -DHAS_NULLPTR_WARNING -isysroot /Library/Developer/CommandLineTools/SDKs/MacOSX10.14.sdk -Wl,-search_paths_first -Wl,-headerpad_max_install_names   CMakeFiles/cmTC_1f9f2.dir/src.cxx.o  -o cmTC_1f9f2 

Source file was:
int main() { return 0; }
Determining if the open exist passed with the following output:
Change Dir: /Users/shihchungyu/NCKU/Programming_Language/homework/NCKU_PROGRAMMING_LANGUAGE/bonus/build/CMakeFiles/CMakeTmp

Run Build Command:"/usr/bin/make" "cmTC_1bb23/fast"
/Library/Developer/CommandLineTools/usr/bin/make -f CMakeFiles/cmTC_1bb23.dir/build.make CMakeFiles/cmTC_1bb23.dir/build
Building C object CMakeFiles/cmTC_1bb23.dir/CheckSymbolExists.c.o
/Library/Developer/CommandLineTools/usr/bin/cc   -isysroot /Library/Developer/CommandLineTools/SDKs/MacOSX10.14.sdk   -o CMakeFiles/cmTC_1bb23.dir/CheckSymbolExists.c.o   -c /Users/shihchungyu/NCKU/Programming_Language/homework/NCKU_PROGRAMMING_LANGUAGE/bonus/build/CMakeFiles/CMakeTmp/CheckSymbolExists.c
Linking C executable cmTC_1bb23
/usr/local/Cellar/cmake/3.13.4/bin/cmake -E cmake_link_script CMakeFiles/cmTC_1bb23.dir/link.txt --verbose=1
/Library/Developer/CommandLineTools/usr/bin/cc   -isysroot /Library/Developer/CommandLineTools/SDKs/MacOSX10.14.sdk -Wl,-search_paths_first -Wl,-headerpad_max_install_names   CMakeFiles/cmTC_1bb23.dir/CheckSymbolExists.c.o  -o cmTC_1bb23 

File /Users/shihchungyu/NCKU/Programming_Language/homework/NCKU_PROGRAMMING_LANGUAGE/bonus/build/CMakeFiles/CMakeTmp/CheckSymbolExists.c:
/* */
#include <fcntl.h>

int main(int argc, char** argv)
{
  (void)argv;
#ifndef open
  return ((int*)(&open))[argc];
#else
  (void)argc;
  return 0;
#endif
}

